#
# A fatal error has been detected by the Java Runtime Environment:
#
#  EXCEPTION_ACCESS_VIOLATION (0xc0000005) at pc=0x00007ffb2abaa5a8, pid=2412, tid=1628
#
# JRE version: Java(TM) SE Runtime Environment (16.0.1+9) (build 16.0.1+9-24)
# Java VM: Java HotSpot(TM) 64-Bit Server VM (16.0.1+9-24, mixed mode, sharing, tiered, compressed oops, compressed class ptrs, g1 gc, windows-amd64)
# Problematic frame:
# V  [jvm.dll+0x23a5a8]
#
# No core dump will be written. Minidumps are not enabled by default on client versions of Windows
#
# If you would like to submit a bug report, please visit:
#   https://bugreport.java.com/bugreport/crash.jsp
#

---------------  S U M M A R Y ------------

Command Line: -XX:+ShowCodeDetailsInExceptionMessages -agentlib:jdwp=transport=dt_socket,suspend=y,address=localhost:61982 -javaagent:C:\Users\KimJunHo\eclipse\java-2021-03\eclipse\configuration\org.eclipse.osgi\222\0\.cp\lib\javaagent-shaded.jar -Dfile.encoding=MS949 yogiyo.t4

Host: Intel(R) Core(TM) i5-6300HQ CPU @ 2.30GHz, 4 cores, 7G,  Windows 10 , 64 bit Build 17763 (10.0.17763.475)
Time: Sun Oct 10 13:53:38 2021 대한민국 표준시 elapsed time: 83.114909 seconds (0d 0h 1m 23s)

---------------  T H R E A D  ---------------

Current thread (0x000001e6ff621890):  VMThread "VM Thread" [stack: 0x000000a371e00000,0x000000a371f00000] [id=1628]

Stack: [0x000000a371e00000,0x000000a371f00000],  sp=0x000000a371efef98,  free space=1019k
Native frames: (J=compiled Java code, j=interpreted, Vv=VM code, C=native code)
V  [jvm.dll+0x23a5a8]


siginfo: EXCEPTION_ACCESS_VIOLATION (0xc0000005), reading address 0x000001e6844a3470


Register to memory mapping:

RIP=0x00007ffb2abaa5a8 jvm.dll
RAX=0x00000000000643a0 is an unknown value
RBX=0x000000a371eff240 points into unknown readable memory: 0x00007ffb2b2a21e8 | e8 21 2a 2b fb 7f 00 00
RCX=0x000001e68443f0d0 is pointing into metadata
RDX=0x000000000000321c is an unknown value
RSP=0x000000a371efef98 points into unknown readable memory: 0x00007ffb2ac9d0b3 | b3 d0 c9 2a fb 7f 00 00
RBP=0x0000000000000001 is an unknown value
RSI=0x0000000000000001 is an unknown value
RDI=0x000001e68443e038 is pointing into metadata
R8 =0x0 is NULL
R9 =0x000001e68443e038 is pointing into metadata
R10=0x000001e6869f0290 points into unknown readable memory: 0x2fffffff47000000 | 00 00 00 47 ff ff ff 2f
R11=0x000001e6869f0250 points into unknown readable memory: 0x2fffffff47000000 | 00 00 00 47 ff ff ff 2f
R12=0x00007ffb2a970000 jvm.dll
R13=0x000001e6869f0180 points into unknown readable memory: 0x0000000000000000 | 00 00 00 00 00 00 00 00
R14=0x0 is NULL
R15=0x000000000000000d is an unknown value


Registers:
RAX=0x00000000000643a0, RBX=0x000000a371eff240, RCX=0x000001e68443f0d0, RDX=0x000000000000321c
RSP=0x000000a371efef98, RBP=0x0000000000000001, RSI=0x0000000000000001, RDI=0x000001e68443e038
R8 =0x0000000000000000, R9 =0x000001e68443e038, R10=0x000001e6869f0290, R11=0x000001e6869f0250
R12=0x00007ffb2a970000, R13=0x000001e6869f0180, R14=0x0000000000000000, R15=0x000000000000000d
RIP=0x00007ffb2abaa5a8, EFLAGS=0x0000000000010206

Top of Stack: (sp=0x000000a371efef98)
0x000000a371efef98:   00007ffb2ac9d0b3 000000a371eff010
0x000000a371efefa8:   00007ffb2aa9d03e 000000a371eff010
0x000000a371efefb8:   00007ffb2aa952ae 000001e68443e610
0x000000a371efefc8:   0000000000000000 000000a371eff240
0x000000a371efefd8:   00007ffb2ac9ddc3 0000c62e1e1df488
0x000000a371efefe8:   00007ffb2aca086c 0000000000000000
0x000000a371efeff8:   0000000000000000 000000a371eff240
0x000000a371eff008:   00007ffb2ac9f612 000001e68443e610
0x000000a371eff018:   000000a371eff0b0 0000000000000001
0x000000a371eff028:   00007ffb2aa9d03e 000000a300000000
0x000000a371eff038:   0000000000000000 00007ffb2b480980
0x000000a371eff048:   000000a371eff0b0 0000000000000000
0x000000a371eff058:   00007ffb2a97bb26 000001e68443e610
0x000000a371eff068:   000000a371eff240 000000000000000d
0x000000a371eff078:   0000000000000000 000000a371eff240
0x000000a371eff088:   00007ffb2ac9fd1e 000000a371eff0e0 

Instructions: (pc=0x00007ffb2abaa5a8)
0x00007ffb2abaa4a8:   03 03 03 03 03 03 03 03 03 03 03 03 03 03 03 03
0x00007ffb2abaa4b8:   03 03 03 03 03 03 03 03 03 03 03 03 03 03 03 03
0x00007ffb2abaa4c8:   03 03 03 03 03 03 03 03 03 03 03 03 03 03 03 03
0x00007ffb2abaa4d8:   03 03 03 03 03 03 03 03 03 03 03 03 03 03 03 03
0x00007ffb2abaa4e8:   03 03 03 02 03 03 02 cc 48 89 5c 24 08 48 89 74
0x00007ffb2abaa4f8:   24 10 57 48 83 ec 20 48 63 da 41 0f b6 f0 48 8b
0x00007ffb2abaa508:   f9 85 d2 79 24 4c 8d 0d bc 92 69 00 ba b4 02 00
0x00007ffb2abaa518:   00 4c 8d 05 e8 92 69 00 48 8d 0d 51 92 69 00 e8
0x00007ffb2abaa528:   64 88 00 00 e8 0f de 42 00 40 84 f6 75 18 48 8b
0x00007ffb2abaa538:   4f 10 48 85 c9 74 0f 48 8d 43 01 48 c1 e0 05 48
0x00007ffb2abaa548:   8b 04 08 0f b7 d8 48 8b 74 24 38 48 63 c3 48 8b
0x00007ffb2abaa558:   5c 24 30 0f b7 44 c7 48 48 83 c4 20 5f c3 cc cc
0x00007ffb2abaa568:   cc cc cc cc cc cc cc cc 4c 8b c9 45 84 c0 75 41
0x00007ffb2abaa578:   48 8b 49 10 48 85 c9 74 38 85 d2 79 19 f7 d2 8b
0x00007ffb2abaa588:   c2 48 ff c0 48 c1 e0 05 48 8b 04 08 0f b7 c8 41
0x00007ffb2abaa598:   0f b7 44 c9 4a c3 48 63 c2 48 ff c0 48 c1 e0 05
0x00007ffb2abaa5a8:   48 8b 04 08 0f b7 d0 48 63 c2 41 0f b7 44 c1 4a
0x00007ffb2abaa5b8:   c3 49 8b 41 08 4c 63 c2 42 0f b6 44 00 04 8d 48
0x00007ffb2abaa5c8:   ef 80 f9 01 76 0e 3c 6a 74 0a 48 63 c2 41 0f b7
0x00007ffb2abaa5d8:   44 c1 4a c3 43 0f b7 44 c1 4a c3 cc cc cc cc cc
0x00007ffb2abaa5e8:   cc cc cc cc cc cc cc cc 40 53 48 83 ec 20 48 8b
0x00007ffb2abaa5f8:   d9 e8 72 ff ff ff 48 63 d0 0f b7 44 d3 48 48 8b
0x00007ffb2abaa608:   44 c3 48 48 83 c4 20 5b c3 cc cc cc cc cc cc cc
0x00007ffb2abaa618:   cc cc cc cc cc cc cc cc 40 53 48 83 ec 20 48 8b
0x00007ffb2abaa628:   d9 e8 42 ff ff ff 48 63 d0 0f b7 44 d3 4a 48 8b
0x00007ffb2abaa638:   44 c3 48 48 83 c4 20 5b c3 cc cc cc cc cc cc cc
0x00007ffb2abaa648:   cc cc cc cc cc cc cc cc 4c 8b d1 45 84 c9 75 28
0x00007ffb2abaa658:   4c 8b 49 10 4d 85 c9 74 1f 45 85 c0 79 08 41 f7
0x00007ffb2abaa668:   d0 41 8b c0 eb 03 49 63 c0 48 ff c0 48 c1 e0 05
0x00007ffb2abaa678:   4a 8b 04 08 44 0f b7 c0 49 8b 42 08 49 63 c8 0f
0x00007ffb2abaa688:   b6 4c 08 04 48 8b c2 88 0a c3 cc cc cc cc cc cc
0x00007ffb2abaa698:   cc cc cc cc cc cc cc cc 40 56 57 41 54 41 56 41 


Stack slot to memory mapping:
stack at sp + 0 slots: 0x00007ffb2ac9d0b3 jvm.dll
stack at sp + 1 slots: 0x000000a371eff010 points into unknown readable memory: 0x000001e68443e610 | 10 e6 43 84 e6 01 00 00
stack at sp + 2 slots: 0x00007ffb2aa9d03e jvm.dll
stack at sp + 3 slots: 0x000000a371eff010 points into unknown readable memory: 0x000001e68443e610 | 10 e6 43 84 e6 01 00 00
stack at sp + 4 slots: 0x00007ffb2aa952ae jvm.dll
stack at sp + 5 slots: {method} {0x000001e68443e618} 'dfs' '([Ljava/util/List;II)V' in 'yogiyo/t4'
stack at sp + 6 slots: 0x0 is NULL
stack at sp + 7 slots: 0x000000a371eff240 points into unknown readable memory: 0x00007ffb2b2a21e8 | e8 21 2a 2b fb 7f 00 00

VM_Operation (0x000000a3729ff4f0): get/set locals, mode: safepoint, requested by thread 0x000001e68492dc10


---------------  P R O C E S S  ---------------

Threads class SMR info:
_java_thread_list=0x000001e6ff625530, length=15, elements={
0x000001e6e5efd820, 0x000001e6ff626400, 0x000001e6ff626de0, 0x000001e6ff64a350,
0x000001e6ff64a870, 0x000001e6ff63bf50, 0x000001e6ff640480, 0x000001e6ff6441d0,
0x000001e6ff653250, 0x000001e6ff663790, 0x000001e6ff604500, 0x000001e68492dc10,
0x000001e684969d50, 0x000001e68496a290, 0x000001e684a6b850
}

Java Threads: ( => current thread )
  0x000001e6e5efd820 JavaThread "main" [_thread_blocked, id=2164, stack(0x000000a371800000,0x000000a371900000)]
  0x000001e6ff626400 JavaThread "Reference Handler" daemon [_thread_blocked, id=25260, stack(0x000000a371f00000,0x000000a372000000)]
  0x000001e6ff626de0 JavaThread "Finalizer" daemon [_thread_blocked, id=7684, stack(0x000000a372000000,0x000000a372100000)]
  0x000001e6ff64a350 JavaThread "Signal Dispatcher" daemon [_thread_blocked, id=24704, stack(0x000000a372100000,0x000000a372200000)]
  0x000001e6ff64a870 JavaThread "Attach Listener" daemon [_thread_blocked, id=1972, stack(0x000000a372200000,0x000000a372300000)]
  0x000001e6ff63bf50 JavaThread "Service Thread" daemon [_thread_blocked, id=5496, stack(0x000000a372300000,0x000000a372400000)]
  0x000001e6ff640480 JavaThread "Monitor Deflation Thread" daemon [_thread_blocked, id=4896, stack(0x000000a372400000,0x000000a372500000)]
  0x000001e6ff6441d0 JavaThread "C2 CompilerThread0" daemon [_thread_blocked, id=20556, stack(0x000000a372500000,0x000000a372600000)]
  0x000001e6ff653250 JavaThread "C1 CompilerThread0" daemon [_thread_blocked, id=10548, stack(0x000000a372600000,0x000000a372700000)]
  0x000001e6ff663790 JavaThread "Sweeper thread" daemon [_thread_blocked, id=21032, stack(0x000000a372700000,0x000000a372800000)]
  0x000001e6ff604500 JavaThread "Common-Cleaner" daemon [_thread_blocked, id=24252, stack(0x000000a372800000,0x000000a372900000)]
  0x000001e68492dc10 JavaThread "JDWP Transport Listener: dt_socket" daemon [_thread_blocked, id=5216, stack(0x000000a372900000,0x000000a372a00000)]
  0x000001e684969d50 JavaThread "JDWP Event Helper Thread" daemon [_thread_blocked, id=18476, stack(0x000000a372a00000,0x000000a372b00000)]
  0x000001e68496a290 JavaThread "JDWP Command Reader" daemon [_thread_blocked, id=17060, stack(0x000000a372b00000,0x000000a372c00000)]
  0x000001e684a6b850 JavaThread "Notification Thread" daemon [_thread_blocked, id=3284, stack(0x000000a372c00000,0x000000a372d00000)]

Other Threads:
=>0x000001e6ff621890 VMThread "VM Thread" [stack: 0x000000a371e00000,0x000000a371f00000] [id=1628]
  0x000001e6e5efea10 WatcherThread [stack: 0x000000a372d00000,0x000000a372e00000] [id=17912]
  0x000001e6e5f3d060 GCTaskThread "GC Thread#0" [stack: 0x000000a371900000,0x000000a371a00000] [id=10380]
  0x000001e6e5f4e820 ConcurrentGCThread "G1 Main Marker" [stack: 0x000000a371a00000,0x000000a371b00000] [id=21352]
  0x000001e6e5f506a0 ConcurrentGCThread "G1 Conc#0" [stack: 0x000000a371b00000,0x000000a371c00000] [id=5804]
  0x000001e6e5fc8670 ConcurrentGCThread "G1 Refine#0" [stack: 0x000000a371c00000,0x000000a371d00000] [id=11964]
  0x000001e6e5fcad10 ConcurrentGCThread "G1 Service" [stack: 0x000000a371d00000,0x000000a371e00000] [id=2348]

Threads with active compile tasks:

VM state: at safepoint (normal execution)

VM Mutex/Monitor currently owned by a thread:  ([mutex/lock_event])
[0x000001e6e5efa530] Threads_lock - owner thread: 0x000001e6ff621890

OutOfMemory and StackOverflow Exception counts:
StackOverflowErrors=2
LinkageErrors=1

Heap address: 0x0000000082a00000, size: 2006 MB, Compressed Oops mode: 32-bit

CDS archive(s) mapped at: [0x0000000800000000-0x0000000800bb0000-0x0000000800bb0000), size 12255232, SharedBaseAddress: 0x0000000800000000, ArchiveRelocationMode: 0.
Compressed class space mapped at: 0x0000000800c00000-0x0000000840c00000, reserved size: 1073741824
Narrow klass base: 0x0000000800000000, Narrow klass shift: 3, Narrow klass range: 0x100000000

GC Precious Log:
 CPUs: 4 total, 4 available
 Memory: 8020M
 Large Page Support: Disabled
 NUMA Support: Disabled
 Compressed Oops: Enabled (32-bit)
 Heap Region Size: 1M
 Heap Min Capacity: 8M
 Heap Initial Capacity: 126M
 Heap Max Capacity: 2006M
 Pre-touch: Disabled
 Parallel Workers: 4
 Concurrent Workers: 1
 Concurrent Refinement Workers: 4
 Periodic GC: Disabled

Heap:
 garbage-first heap   total 129024K, used 5120K [0x0000000082a00000, 0x0000000100000000)
  region size 1024K, 6 young (6144K), 0 survivors (0K)
 Metaspace       used 2622K, committed 2752K, reserved 1056768K
  class space    used 229K, committed 320K, reserved 1048576K

Heap Regions: E=young(eden), S=young(survivor), O=old, HS=humongous(starts), HC=humongous(continues), CS=collection set, F=free, OA=open archive, CA=closed archive, TAMS=top-at-mark-start (previous, next)
|   0|0x0000000082a00000, 0x0000000082a00000, 0x0000000082b00000|  0%| F|  |TAMS 0x0000000082a00000, 0x0000000082a00000| Untracked 
|   1|0x0000000082b00000, 0x0000000082b00000, 0x0000000082c00000|  0%| F|  |TAMS 0x0000000082b00000, 0x0000000082b00000| Untracked 
|   2|0x0000000082c00000, 0x0000000082c00000, 0x0000000082d00000|  0%| F|  |TAMS 0x0000000082c00000, 0x0000000082c00000| Untracked 
|   3|0x0000000082d00000, 0x0000000082d00000, 0x0000000082e00000|  0%| F|  |TAMS 0x0000000082d00000, 0x0000000082d00000| Untracked 
|   4|0x0000000082e00000, 0x0000000082e00000, 0x0000000082f00000|  0%| F|  |TAMS 0x0000000082e00000, 0x0000000082e00000| Untracked 
|   5|0x0000000082f00000, 0x0000000082f00000, 0x0000000083000000|  0%| F|  |TAMS 0x0000000082f00000, 0x0000000082f00000| Untracked 
|   6|0x0000000083000000, 0x0000000083000000, 0x0000000083100000|  0%| F|  |TAMS 0x0000000083000000, 0x0000000083000000| Untracked 
|   7|0x0000000083100000, 0x0000000083100000, 0x0000000083200000|  0%| F|  |TAMS 0x0000000083100000, 0x0000000083100000| Untracked 
|   8|0x0000000083200000, 0x0000000083200000, 0x0000000083300000|  0%| F|  |TAMS 0x0000000083200000, 0x0000000083200000| Untracked 
|   9|0x0000000083300000, 0x0000000083300000, 0x0000000083400000|  0%| F|  |TAMS 0x0000000083300000, 0x0000000083300000| Untracked 
|  10|0x0000000083400000, 0x0000000083400000, 0x0000000083500000|  0%| F|  |TAMS 0x0000000083400000, 0x0000000083400000| Untracked 
|  11|0x0000000083500000, 0x0000000083500000, 0x0000000083600000|  0%| F|  |TAMS 0x0000000083500000, 0x0000000083500000| Untracked 
|  12|0x0000000083600000, 0x0000000083600000, 0x0000000083700000|  0%| F|  |TAMS 0x0000000083600000, 0x0000000083600000| Untracked 
|  13|0x0000000083700000, 0x0000000083700000, 0x0000000083800000|  0%| F|  |TAMS 0x0000000083700000, 0x0000000083700000| Untracked 
|  14|0x0000000083800000, 0x0000000083800000, 0x0000000083900000|  0%| F|  |TAMS 0x0000000083800000, 0x0000000083800000| Untracked 
|  15|0x0000000083900000, 0x0000000083900000, 0x0000000083a00000|  0%| F|  |TAMS 0x0000000083900000, 0x0000000083900000| Untracked 
|  16|0x0000000083a00000, 0x0000000083a00000, 0x0000000083b00000|  0%| F|  |TAMS 0x0000000083a00000, 0x0000000083a00000| Untracked 
|  17|0x0000000083b00000, 0x0000000083b00000, 0x0000000083c00000|  0%| F|  |TAMS 0x0000000083b00000, 0x0000000083b00000| Untracked 
|  18|0x0000000083c00000, 0x0000000083c00000, 0x0000000083d00000|  0%| F|  |TAMS 0x0000000083c00000, 0x0000000083c00000| Untracked 
|  19|0x0000000083d00000, 0x0000000083d00000, 0x0000000083e00000|  0%| F|  |TAMS 0x0000000083d00000, 0x0000000083d00000| Untracked 
|  20|0x0000000083e00000, 0x0000000083e00000, 0x0000000083f00000|  0%| F|  |TAMS 0x0000000083e00000, 0x0000000083e00000| Untracked 
|  21|0x0000000083f00000, 0x0000000083f00000, 0x0000000084000000|  0%| F|  |TAMS 0x0000000083f00000, 0x0000000083f00000| Untracked 
|  22|0x0000000084000000, 0x0000000084000000, 0x0000000084100000|  0%| F|  |TAMS 0x0000000084000000, 0x0000000084000000| Untracked 
|  23|0x0000000084100000, 0x0000000084100000, 0x0000000084200000|  0%| F|  |TAMS 0x0000000084100000, 0x0000000084100000| Untracked 
|  24|0x0000000084200000, 0x0000000084200000, 0x0000000084300000|  0%| F|  |TAMS 0x0000000084200000, 0x0000000084200000| Untracked 
|  25|0x0000000084300000, 0x0000000084300000, 0x0000000084400000|  0%| F|  |TAMS 0x0000000084300000, 0x0000000084300000| Untracked 
|  26|0x0000000084400000, 0x0000000084400000, 0x0000000084500000|  0%| F|  |TAMS 0x0000000084400000, 0x0000000084400000| Untracked 
|  27|0x0000000084500000, 0x0000000084500000, 0x0000000084600000|  0%| F|  |TAMS 0x0000000084500000, 0x0000000084500000| Untracked 
|  28|0x0000000084600000, 0x0000000084600000, 0x0000000084700000|  0%| F|  |TAMS 0x0000000084600000, 0x0000000084600000| Untracked 
|  29|0x0000000084700000, 0x0000000084700000, 0x0000000084800000|  0%| F|  |TAMS 0x0000000084700000, 0x0000000084700000| Untracked 
|  30|0x0000000084800000, 0x0000000084800000, 0x0000000084900000|  0%| F|  |TAMS 0x0000000084800000, 0x0000000084800000| Untracked 
|  31|0x0000000084900000, 0x0000000084900000, 0x0000000084a00000|  0%| F|  |TAMS 0x0000000084900000, 0x0000000084900000| Untracked 
|  32|0x0000000084a00000, 0x0000000084a00000, 0x0000000084b00000|  0%| F|  |TAMS 0x0000000084a00000, 0x0000000084a00000| Untracked 
|  33|0x0000000084b00000, 0x0000000084b00000, 0x0000000084c00000|  0%| F|  |TAMS 0x0000000084b00000, 0x0000000084b00000| Untracked 
|  34|0x0000000084c00000, 0x0000000084c00000, 0x0000000084d00000|  0%| F|  |TAMS 0x0000000084c00000, 0x0000000084c00000| Untracked 
|  35|0x0000000084d00000, 0x0000000084d00000, 0x0000000084e00000|  0%| F|  |TAMS 0x0000000084d00000, 0x0000000084d00000| Untracked 
|  36|0x0000000084e00000, 0x0000000084e00000, 0x0000000084f00000|  0%| F|  |TAMS 0x0000000084e00000, 0x0000000084e00000| Untracked 
|  37|0x0000000084f00000, 0x0000000084f00000, 0x0000000085000000|  0%| F|  |TAMS 0x0000000084f00000, 0x0000000084f00000| Untracked 
|  38|0x0000000085000000, 0x0000000085000000, 0x0000000085100000|  0%| F|  |TAMS 0x0000000085000000, 0x0000000085000000| Untracked 
|  39|0x0000000085100000, 0x0000000085100000, 0x0000000085200000|  0%| F|  |TAMS 0x0000000085100000, 0x0000000085100000| Untracked 
|  40|0x0000000085200000, 0x0000000085200000, 0x0000000085300000|  0%| F|  |TAMS 0x0000000085200000, 0x0000000085200000| Untracked 
|  41|0x0000000085300000, 0x0000000085300000, 0x0000000085400000|  0%| F|  |TAMS 0x0000000085300000, 0x0000000085300000| Untracked 
|  42|0x0000000085400000, 0x0000000085400000, 0x0000000085500000|  0%| F|  |TAMS 0x0000000085400000, 0x0000000085400000| Untracked 
|  43|0x0000000085500000, 0x0000000085500000, 0x0000000085600000|  0%| F|  |TAMS 0x0000000085500000, 0x0000000085500000| Untracked 
|  44|0x0000000085600000, 0x0000000085600000, 0x0000000085700000|  0%| F|  |TAMS 0x0000000085600000, 0x0000000085600000| Untracked 
|  45|0x0000000085700000, 0x0000000085700000, 0x0000000085800000|  0%| F|  |TAMS 0x0000000085700000, 0x0000000085700000| Untracked 
|  46|0x0000000085800000, 0x0000000085800000, 0x0000000085900000|  0%| F|  |TAMS 0x0000000085800000, 0x0000000085800000| Untracked 
|  47|0x0000000085900000, 0x0000000085900000, 0x0000000085a00000|  0%| F|  |TAMS 0x0000000085900000, 0x0000000085900000| Untracked 
|  48|0x0000000085a00000, 0x0000000085a00000, 0x0000000085b00000|  0%| F|  |TAMS 0x0000000085a00000, 0x0000000085a00000| Untracked 
|  49|0x0000000085b00000, 0x0000000085b00000, 0x0000000085c00000|  0%| F|  |TAMS 0x0000000085b00000, 0x0000000085b00000| Untracked 
|  50|0x0000000085c00000, 0x0000000085c00000, 0x0000000085d00000|  0%| F|  |TAMS 0x0000000085c00000, 0x0000000085c00000| Untracked 
|  51|0x0000000085d00000, 0x0000000085d00000, 0x0000000085e00000|  0%| F|  |TAMS 0x0000000085d00000, 0x0000000085d00000| Untracked 
|  52|0x0000000085e00000, 0x0000000085e00000, 0x0000000085f00000|  0%| F|  |TAMS 0x0000000085e00000, 0x0000000085e00000| Untracked 
|  53|0x0000000085f00000, 0x0000000085f00000, 0x0000000086000000|  0%| F|  |TAMS 0x0000000085f00000, 0x0000000085f00000| Untracked 
|  54|0x0000000086000000, 0x0000000086000000, 0x0000000086100000|  0%| F|  |TAMS 0x0000000086000000, 0x0000000086000000| Untracked 
|  55|0x0000000086100000, 0x0000000086100000, 0x0000000086200000|  0%| F|  |TAMS 0x0000000086100000, 0x0000000086100000| Untracked 
|  56|0x0000000086200000, 0x0000000086200000, 0x0000000086300000|  0%| F|  |TAMS 0x0000000086200000, 0x0000000086200000| Untracked 
|  57|0x0000000086300000, 0x0000000086300000, 0x0000000086400000|  0%| F|  |TAMS 0x0000000086300000, 0x0000000086300000| Untracked 
|  58|0x0000000086400000, 0x0000000086400000, 0x0000000086500000|  0%| F|  |TAMS 0x0000000086400000, 0x0000000086400000| Untracked 
|  59|0x0000000086500000, 0x0000000086500000, 0x0000000086600000|  0%| F|  |TAMS 0x0000000086500000, 0x0000000086500000| Untracked 
|  60|0x0000000086600000, 0x0000000086600000, 0x0000000086700000|  0%| F|  |TAMS 0x0000000086600000, 0x0000000086600000| Untracked 
|  61|0x0000000086700000, 0x0000000086700000, 0x0000000086800000|  0%| F|  |TAMS 0x0000000086700000, 0x0000000086700000| Untracked 
|  62|0x0000000086800000, 0x0000000086800000, 0x0000000086900000|  0%| F|  |TAMS 0x0000000086800000, 0x0000000086800000| Untracked 
|  63|0x0000000086900000, 0x0000000086900000, 0x0000000086a00000|  0%| F|  |TAMS 0x0000000086900000, 0x0000000086900000| Untracked 
|  64|0x0000000086a00000, 0x0000000086a00000, 0x0000000086b00000|  0%| F|  |TAMS 0x0000000086a00000, 0x0000000086a00000| Untracked 
|  65|0x0000000086b00000, 0x0000000086b00000, 0x0000000086c00000|  0%| F|  |TAMS 0x0000000086b00000, 0x0000000086b00000| Untracked 
|  66|0x0000000086c00000, 0x0000000086c00000, 0x0000000086d00000|  0%| F|  |TAMS 0x0000000086c00000, 0x0000000086c00000| Untracked 
|  67|0x0000000086d00000, 0x0000000086d00000, 0x0000000086e00000|  0%| F|  |TAMS 0x0000000086d00000, 0x0000000086d00000| Untracked 
|  68|0x0000000086e00000, 0x0000000086e00000, 0x0000000086f00000|  0%| F|  |TAMS 0x0000000086e00000, 0x0000000086e00000| Untracked 
|  69|0x0000000086f00000, 0x0000000086f00000, 0x0000000087000000|  0%| F|  |TAMS 0x0000000086f00000, 0x0000000086f00000| Untracked 
|  70|0x0000000087000000, 0x0000000087000000, 0x0000000087100000|  0%| F|  |TAMS 0x0000000087000000, 0x0000000087000000| Untracked 
|  71|0x0000000087100000, 0x0000000087100000, 0x0000000087200000|  0%| F|  |TAMS 0x0000000087100000, 0x0000000087100000| Untracked 
|  72|0x0000000087200000, 0x0000000087200000, 0x0000000087300000|  0%| F|  |TAMS 0x0000000087200000, 0x0000000087200000| Untracked 
|  73|0x0000000087300000, 0x0000000087300000, 0x0000000087400000|  0%| F|  |TAMS 0x0000000087300000, 0x0000000087300000| Untracked 
|  74|0x0000000087400000, 0x0000000087400000, 0x0000000087500000|  0%| F|  |TAMS 0x0000000087400000, 0x0000000087400000| Untracked 
|  75|0x0000000087500000, 0x0000000087500000, 0x0000000087600000|  0%| F|  |TAMS 0x0000000087500000, 0x0000000087500000| Untracked 
|  76|0x0000000087600000, 0x0000000087600000, 0x0000000087700000|  0%| F|  |TAMS 0x0000000087600000, 0x0000000087600000| Untracked 
|  77|0x0000000087700000, 0x0000000087700000, 0x0000000087800000|  0%| F|  |TAMS 0x0000000087700000, 0x0000000087700000| Untracked 
|  78|0x0000000087800000, 0x0000000087800000, 0x0000000087900000|  0%| F|  |TAMS 0x0000000087800000, 0x0000000087800000| Untracked 
|  79|0x0000000087900000, 0x0000000087900000, 0x0000000087a00000|  0%| F|  |TAMS 0x0000000087900000, 0x0000000087900000| Untracked 
|  80|0x0000000087a00000, 0x0000000087a00000, 0x0000000087b00000|  0%| F|  |TAMS 0x0000000087a00000, 0x0000000087a00000| Untracked 
|  81|0x0000000087b00000, 0x0000000087b00000, 0x0000000087c00000|  0%| F|  |TAMS 0x0000000087b00000, 0x0000000087b00000| Untracked 
|  82|0x0000000087c00000, 0x0000000087c00000, 0x0000000087d00000|  0%| F|  |TAMS 0x0000000087c00000, 0x0000000087c00000| Untracked 
|  83|0x0000000087d00000, 0x0000000087d00000, 0x0000000087e00000|  0%| F|  |TAMS 0x0000000087d00000, 0x0000000087d00000| Untracked 
|  84|0x0000000087e00000, 0x0000000087e00000, 0x0000000087f00000|  0%| F|  |TAMS 0x0000000087e00000, 0x0000000087e00000| Untracked 
|  85|0x0000000087f00000, 0x0000000087f00000, 0x0000000088000000|  0%| F|  |TAMS 0x0000000087f00000, 0x0000000087f00000| Untracked 
|  86|0x0000000088000000, 0x0000000088000000, 0x0000000088100000|  0%| F|  |TAMS 0x0000000088000000, 0x0000000088000000| Untracked 
|  87|0x0000000088100000, 0x0000000088100000, 0x0000000088200000|  0%| F|  |TAMS 0x0000000088100000, 0x0000000088100000| Untracked 
|  88|0x0000000088200000, 0x0000000088200000, 0x0000000088300000|  0%| F|  |TAMS 0x0000000088200000, 0x0000000088200000| Untracked 
|  89|0x0000000088300000, 0x0000000088300000, 0x0000000088400000|  0%| F|  |TAMS 0x0000000088300000, 0x0000000088300000| Untracked 
|  90|0x0000000088400000, 0x0000000088400000, 0x0000000088500000|  0%| F|  |TAMS 0x0000000088400000, 0x0000000088400000| Untracked 
|  91|0x0000000088500000, 0x0000000088500000, 0x0000000088600000|  0%| F|  |TAMS 0x0000000088500000, 0x0000000088500000| Untracked 
|  92|0x0000000088600000, 0x0000000088600000, 0x0000000088700000|  0%| F|  |TAMS 0x0000000088600000, 0x0000000088600000| Untracked 
|  93|0x0000000088700000, 0x0000000088700000, 0x0000000088800000|  0%| F|  |TAMS 0x0000000088700000, 0x0000000088700000| Untracked 
|  94|0x0000000088800000, 0x0000000088800000, 0x0000000088900000|  0%| F|  |TAMS 0x0000000088800000, 0x0000000088800000| Untracked 
|  95|0x0000000088900000, 0x0000000088900000, 0x0000000088a00000|  0%| F|  |TAMS 0x0000000088900000, 0x0000000088900000| Untracked 
|  96|0x0000000088a00000, 0x0000000088a00000, 0x0000000088b00000|  0%| F|  |TAMS 0x0000000088a00000, 0x0000000088a00000| Untracked 
|  97|0x0000000088b00000, 0x0000000088b00000, 0x0000000088c00000|  0%| F|  |TAMS 0x0000000088b00000, 0x0000000088b00000| Untracked 
|  98|0x0000000088c00000, 0x0000000088c00000, 0x0000000088d00000|  0%| F|  |TAMS 0x0000000088c00000, 0x0000000088c00000| Untracked 
|  99|0x0000000088d00000, 0x0000000088d00000, 0x0000000088e00000|  0%| F|  |TAMS 0x0000000088d00000, 0x0000000088d00000| Untracked 
| 100|0x0000000088e00000, 0x0000000088e00000, 0x0000000088f00000|  0%| F|  |TAMS 0x0000000088e00000, 0x0000000088e00000| Untracked 
| 101|0x0000000088f00000, 0x0000000088f00000, 0x0000000089000000|  0%| F|  |TAMS 0x0000000088f00000, 0x0000000088f00000| Untracked 
| 102|0x0000000089000000, 0x0000000089000000, 0x0000000089100000|  0%| F|  |TAMS 0x0000000089000000, 0x0000000089000000| Untracked 
| 103|0x0000000089100000, 0x0000000089100000, 0x0000000089200000|  0%| F|  |TAMS 0x0000000089100000, 0x0000000089100000| Untracked 
| 104|0x0000000089200000, 0x0000000089200000, 0x0000000089300000|  0%| F|  |TAMS 0x0000000089200000, 0x0000000089200000| Untracked 
| 105|0x0000000089300000, 0x0000000089300000, 0x0000000089400000|  0%| F|  |TAMS 0x0000000089300000, 0x0000000089300000| Untracked 
| 106|0x0000000089400000, 0x0000000089400000, 0x0000000089500000|  0%| F|  |TAMS 0x0000000089400000, 0x0000000089400000| Untracked 
| 107|0x0000000089500000, 0x0000000089500000, 0x0000000089600000|  0%| F|  |TAMS 0x0000000089500000, 0x0000000089500000| Untracked 
| 108|0x0000000089600000, 0x0000000089600000, 0x0000000089700000|  0%| F|  |TAMS 0x0000000089600000, 0x0000000089600000| Untracked 
| 109|0x0000000089700000, 0x0000000089700000, 0x0000000089800000|  0%| F|  |TAMS 0x0000000089700000, 0x0000000089700000| Untracked 
| 110|0x0000000089800000, 0x0000000089800000, 0x0000000089900000|  0%| F|  |TAMS 0x0000000089800000, 0x0000000089800000| Untracked 
| 111|0x0000000089900000, 0x0000000089900000, 0x0000000089a00000|  0%| F|  |TAMS 0x0000000089900000, 0x0000000089900000| Untracked 
| 112|0x0000000089a00000, 0x0000000089a00000, 0x0000000089b00000|  0%| F|  |TAMS 0x0000000089a00000, 0x0000000089a00000| Untracked 
| 113|0x0000000089b00000, 0x0000000089b00000, 0x0000000089c00000|  0%| F|  |TAMS 0x0000000089b00000, 0x0000000089b00000| Untracked 
| 114|0x0000000089c00000, 0x0000000089c00000, 0x0000000089d00000|  0%| F|  |TAMS 0x0000000089c00000, 0x0000000089c00000| Untracked 
| 115|0x0000000089d00000, 0x0000000089d00000, 0x0000000089e00000|  0%| F|  |TAMS 0x0000000089d00000, 0x0000000089d00000| Untracked 
| 116|0x0000000089e00000, 0x0000000089e00000, 0x0000000089f00000|  0%| F|  |TAMS 0x0000000089e00000, 0x0000000089e00000| Untracked 
| 117|0x0000000089f00000, 0x0000000089f00000, 0x000000008a000000|  0%| F|  |TAMS 0x0000000089f00000, 0x0000000089f00000| Untracked 
| 118|0x000000008a000000, 0x000000008a000000, 0x000000008a100000|  0%| F|  |TAMS 0x000000008a000000, 0x000000008a000000| Untracked 
| 119|0x000000008a100000, 0x000000008a100000, 0x000000008a200000|  0%| F|  |TAMS 0x000000008a100000, 0x000000008a100000| Untracked 
| 120|0x000000008a200000, 0x000000008a243110, 0x000000008a300000| 26%| E|  |TAMS 0x000000008a200000, 0x000000008a200000| Complete 
| 121|0x000000008a300000, 0x000000008a400000, 0x000000008a400000|100%| E|CS|TAMS 0x000000008a300000, 0x000000008a300000| Complete 
| 122|0x000000008a400000, 0x000000008a500000, 0x000000008a500000|100%| E|CS|TAMS 0x000000008a400000, 0x000000008a400000| Complete 
| 123|0x000000008a500000, 0x000000008a600000, 0x000000008a600000|100%| E|CS|TAMS 0x000000008a500000, 0x000000008a500000| Complete 
| 124|0x000000008a600000, 0x000000008a700000, 0x000000008a700000|100%| E|CS|TAMS 0x000000008a600000, 0x000000008a600000| Complete 
| 125|0x000000008a700000, 0x000000008a800000, 0x000000008a800000|100%| E|CS|TAMS 0x000000008a700000, 0x000000008a700000| Complete 

Card table byte_map: [0x000001e6fca60000,0x000001e6fce50000] _byte_map_base: 0x000001e6fc64b000

Marking Bits (Prev, Next): (CMBitMap*) 0x000001e6e5f3d750, (CMBitMap*) 0x000001e6e5f3d790
 Prev Bits: [0x000001e6fd240000, 0x000001e6ff198000)
 Next Bits: [0x000001e680000000, 0x000001e681f58000)

Polling page: 0x000001e6e56d0000

Metaspace:

Usage:
  Non-class:      2.34 MB used.
      Class:    229.91 KB used.
       Both:      2.56 MB used.

Virtual space:
  Non-class space:        8.00 MB reserved,       2.38 MB ( 30%) committed,  1 nodes.
      Class space:        1.00 GB reserved,     320.00 KB ( <1%) committed,  1 nodes.
              Both:        1.01 GB reserved,       2.69 MB ( <1%) committed. 

Chunk freelists:
   Non-Class:  3.75 MB
       Class:  3.73 MB
        Both:  7.48 MB

MaxMetaspaceSize: 17179869184.00 GB
CompressedClassSpaceSize: 1.00 GB
 - commit_granule_bytes: 65536.
 - commit_granule_words: 8192.
 - virtual_space_node_default_size: 1048576.
 - enlarge_chunks_in_place: 1.
 - new_chunks_are_fully_committed: 0.
 - uncommit_free_chunks: 1.
 - use_allocation_guard: 0.
 - handle_deallocations: 1.


Internal statistics:

num_allocs_failed_limit: 0.
num_arena_births: 10.
num_arena_deaths: 0.
num_vsnodes_births: 2.
num_vsnodes_deaths: 0.
num_space_committed: 43.
num_space_uncommitted: 0.
num_chunks_returned_to_freelist: 0.
num_chunks_taken_from_freelist: 32.
num_chunk_merges: 0.
num_chunk_splits: 16.
num_chunks_enlarged: 9.
num_purges: 0.

CodeHeap 'non-profiled nmethods': size=120000Kb used=132Kb max_used=132Kb free=119867Kb
 bounds [0x000001e6f5140000, 0x000001e6f53b0000, 0x000001e6fc670000]
CodeHeap 'profiled nmethods': size=120000Kb used=512Kb max_used=512Kb free=119487Kb
 bounds [0x000001e6edc10000, 0x000001e6ede80000, 0x000001e6f5140000]
CodeHeap 'non-nmethods': size=5760Kb used=1213Kb max_used=1231Kb free=4546Kb
 bounds [0x000001e6ed670000, 0x000001e6ed8e0000, 0x000001e6edc10000]
 total_blobs=811 nmethods=387 adapters=337
 compilation: enabled
              stopped_count=0, restarted_count=0
 full_count=0

Compilation events (20 events):
Event: 0.747 Thread 0x000001e6ff6441d0  379       4       java.util.ArrayList$Itr::hasNext (20 bytes)
Event: 0.747 Thread 0x000001e6ff6441d0 nmethod 379 0x000001e6f515ee10 code [0x000001e6f515efa0, 0x000001e6f515f078]
Event: 0.747 Thread 0x000001e6ff6441d0  382       4       yogiyo.t4::dfs (72 bytes)
Event: 0.762 Thread 0x000001e6ff6441d0 nmethod 382 0x000001e6f515f110 code [0x000001e6f515f300, 0x000001e6f515fc88]
Event: 0.762 Thread 0x000001e6ff6441d0  380       4       java.util.ArrayList$Itr::next (66 bytes)
Event: 0.764 Thread 0x000001e6ff6441d0 nmethod 380 0x000001e6f5160910 code [0x000001e6f5160aa0, 0x000001e6f5160c38]
Event: 0.764 Thread 0x000001e6ff6441d0  381       4       java.util.ArrayList::iterator (9 bytes)
Event: 0.765 Thread 0x000001e6ff6441d0 nmethod 381 0x000001e6f5160d90 code [0x000001e6f5160f20, 0x000001e6f5161018]
Event: 30.318 Thread 0x000001e6ff653250  383       3       java.lang.String::<init> (74 bytes)
Event: 30.321 Thread 0x000001e6ff653250 nmethod 383 0x000001e6edc8e010 code [0x000001e6edc8e200, 0x000001e6edc8e618]
Event: 30.321 Thread 0x000001e6ff653250  385       3       org.eclipse.jdt.launching.internal.org.objectweb.asm.ClassReader::readUtf (44 bytes)
Event: 30.321 Thread 0x000001e6ff653250 nmethod 385 0x000001e6edc8e710 code [0x000001e6edc8e8e0, 0x000001e6edc8ed18]
Event: 30.322 Thread 0x000001e6ff653250  384       3       java.lang.StringUTF16::compress (20 bytes)
Event: 30.322 Thread 0x000001e6ff653250 nmethod 384 0x000001e6edc8ef10 code [0x000001e6edc8f0c0, 0x000001e6edc8f328]
Event: 82.078 Thread 0x000001e6ff653250  386       3       org.eclipse.jdt.launching.internal.org.objectweb.asm.ClassReader::getItem (7 bytes)
Event: 82.079 Thread 0x000001e6ff653250 nmethod 386 0x000001e6edc8f410 code [0x000001e6edc8f5a0, 0x000001e6edc8f6d8]
Event: 82.079 Thread 0x000001e6ff653250  387       3       java.lang.String::<init> (14 bytes)
Event: 82.079 Thread 0x000001e6ff653250 nmethod 387 0x000001e6edc8f790 code [0x000001e6edc8f960, 0x000001e6edc8fb78]
Event: 82.079 Thread 0x000001e6ff653250  388       3       java.lang.String::rangeCheck (9 bytes)
Event: 82.082 Thread 0x000001e6ff653250 nmethod 388 0x000001e6edc8fc90 code [0x000001e6edc8fe40, 0x000001e6edc8ff88]

GC Heap History (0 events):
No events

Deoptimization events (20 events):
Event: 0.725 Thread 0x000001e6e5efd820 DEOPT PACKING pc=0x000001e6edc78ddb sp=0x000000a3718f7e50
Event: 0.725 Thread 0x000001e6e5efd820 DEOPT UNPACKING pc=0x000001e6ed6bdece sp=0x000000a3718f72b8 mode 0
Event: 0.725 Thread 0x000001e6e5efd820 DEOPT PACKING pc=0x000001e6edc78ddb sp=0x000000a3718f7e50
Event: 0.725 Thread 0x000001e6e5efd820 DEOPT UNPACKING pc=0x000001e6ed6bdece sp=0x000000a3718f72b8 mode 0
Event: 0.728 Thread 0x000001e6e5efd820 DEOPT PACKING pc=0x000001e6edc78ddb sp=0x000000a3718fb880
Event: 0.728 Thread 0x000001e6e5efd820 DEOPT UNPACKING pc=0x000001e6ed6bdece sp=0x000000a3718face8 mode 0
Event: 0.728 Thread 0x000001e6e5efd820 DEOPT PACKING pc=0x000001e6edc78ddb sp=0x000000a3718fb880
Event: 0.728 Thread 0x000001e6e5efd820 DEOPT UNPACKING pc=0x000001e6ed6bdece sp=0x000000a3718face8 mode 0
Event: 0.729 Thread 0x000001e6e5efd820 DEOPT PACKING pc=0x000001e6edc78ddb sp=0x000000a3718fb880
Event: 0.729 Thread 0x000001e6e5efd820 DEOPT UNPACKING pc=0x000001e6ed6bdece sp=0x000000a3718face8 mode 0
Event: 0.731 Thread 0x000001e6e5efd820 DEOPT PACKING pc=0x000001e6edc78ddb sp=0x000000a3718f7dd0
Event: 0.731 Thread 0x000001e6e5efd820 DEOPT UNPACKING pc=0x000001e6ed6bdece sp=0x000000a3718f7238 mode 0
Event: 0.733 Thread 0x000001e6e5efd820 DEOPT PACKING pc=0x000001e6edc78ddb sp=0x000000a3718fb7b0
Event: 0.733 Thread 0x000001e6e5efd820 DEOPT UNPACKING pc=0x000001e6ed6bdece sp=0x000000a3718fac18 mode 0
Event: 30.270 Thread 0x000001e6e5efd820 DEOPT PACKING pc=0x000001e6edc8d38c sp=0x000000a37180afb0
Event: 30.270 Thread 0x000001e6e5efd820 DEOPT UNPACKING pc=0x000001e6ed6bdece sp=0x000000a37180a460 mode 1
Event: 30.270 Thread 0x000001e6e5efd820 DEOPT PACKING pc=0x000001e6edc8d61c sp=0x000000a37180b020
Event: 30.271 Thread 0x000001e6e5efd820 DEOPT UNPACKING pc=0x000001e6ed6bdece sp=0x000000a37180a4b8 mode 0
Event: 82.020 Thread 0x000001e6e5efd820 DEOPT PACKING pc=0x000001e6edc8d61c sp=0x000000a37180b090
Event: 82.020 Thread 0x000001e6e5efd820 DEOPT UNPACKING pc=0x000001e6ed6bdece sp=0x000000a37180a528 mode 0

Classes unloaded (0 events):
No events

Classes redefined (2 events):
Event: 30.319 Thread 0x000001e6ff621890 redefined class name=yogiyo.t4, count=1
Event: 82.080 Thread 0x000001e6ff621890 redefined class name=yogiyo.t4, count=2

Internal exceptions (4 events):
Event: 0.698 Thread 0x000001e6e5efd820 Exception <a 'java/lang/NoSuchMethodError'{0x000000008a4e1d18}: 'java.lang.Object java.lang.invoke.DirectMethodHandle$Holder.invokeStatic(java.lang.Object)'> (0x000000008a4e1d18) 
thrown [t:\workspace\open\src\hotspot\share\interpreter\linkResolver.cpp, line 790]
Event: 0.749 Thread 0x000001e6e5efd820 StackOverflowError at 0x000001e6edc8cc60
Event: 30.270 Thread 0x000001e6e5efd820 Exception <a 'java/lang/StackOverflowError'{0x000000008a206bc0}> (0x000000008a206bc0) 
thrown [t:\workspace\open\src\hotspot\share\runtime\sharedRuntime.cpp, line 624]
Event: 30.416 Thread 0x000001e6e5efd820 Exception <a 'java/lang/StackOverflowError'{0x000000008a20c0e8}> (0x000000008a20c0e8) 
thrown [t:\workspace\open\src\hotspot\share\interpreter\interpreterRuntime.cpp, line 371]

Events (20 events):
Event: 30.327 Executing  VM operation: ChangeBreakpoints done
Event: 30.412 Executing  VM operation: ChangeSingleStep
Event: 30.412 Executing  VM operation: ChangeSingleStep done
Event: 30.419 Executing  VM operation: ChangeSingleStep
Event: 30.419 Executing  VM operation: ChangeSingleStep done
Event: 81.961 Executing  VM operation: ChangeSingleStep
Event: 81.961 Executing  VM operation: ChangeSingleStep done
Event: 82.020 Executing  VM operation: ChangeSingleStep
Event: 82.020 Executing  VM operation: ChangeSingleStep done
Event: 82.079 Executing  VM operation: RedefineClasses
Event: 82.081 Executing  VM operation: RedefineClasses done
Event: 82.087 Executing  VM operation: ChangeBreakpoints
Event: 82.087 Executing  VM operation: ChangeBreakpoints done
Event: 82.088 Executing  VM operation: ChangeBreakpoints
Event: 82.088 Executing  VM operation: ChangeBreakpoints done
Event: 82.174 Executing  VM operation: ChangeSingleStep
Event: 82.175 Executing  VM operation: ChangeSingleStep done
Event: 82.228 Executing  VM operation: ChangeSingleStep
Event: 82.228 Executing  VM operation: ChangeSingleStep done
Event: 83.083 Executing  VM operation: get/set locals


Dynamic libraries:
0x00007ff788a80000 - 0x00007ff788a90000 	C:\Program Files\Java\jdk-16.0.1\bin\javaw.exe
0x00007ffb9deb0000 - 0x00007ffb9e09d000 	C:\Windows\SYSTEM32\ntdll.dll
0x00007ffb9d3e0000 - 0x00007ffb9d493000 	C:\Windows\System32\KERNEL32.DLL
0x00007ffb9ab40000 - 0x00007ffb9add3000 	C:\Windows\System32\KERNELBASE.dll
0x00007ffb9a910000 - 0x00007ffb9aa0a000 	C:\Windows\System32\ucrtbase.dll
0x00007ffb96770000 - 0x00007ffb96789000 	C:\Program Files\Java\jdk-16.0.1\bin\VCRUNTIME140.dll
0x00007ffb97dc0000 - 0x00007ffb97dd8000 	C:\Program Files\Java\jdk-16.0.1\bin\jli.dll
0x00007ffb9dc30000 - 0x00007ffb9dcd3000 	C:\Windows\System32\ADVAPI32.dll
0x00007ffb9d340000 - 0x00007ffb9d3de000 	C:\Windows\System32\msvcrt.dll
0x00007ffb9dde0000 - 0x00007ffb9de7e000 	C:\Windows\System32\sechost.dll
0x00007ffb9d8e0000 - 0x00007ffb9da02000 	C:\Windows\System32\RPCRT4.dll
0x00007ffb9d1a0000 - 0x00007ffb9d337000 	C:\Windows\System32\USER32.dll
0x00007ffb99f70000 - 0x00007ffb99f90000 	C:\Windows\System32\win32u.dll
0x00007ffb9da70000 - 0x00007ffb9da99000 	C:\Windows\System32\GDI32.dll
0x00007ffb8b170000 - 0x00007ffb8b3e9000 	C:\Windows\WinSxS\amd64_microsoft.windows.common-controls_6595b64144ccf1df_6.0.17763.973_none_05b245900721eb81\COMCTL32.dll
0x00007ffb99f90000 - 0x00007ffb9a129000 	C:\Windows\System32\gdi32full.dll
0x00007ffb9b360000 - 0x00007ffb9b68c000 	C:\Windows\System32\combase.dll
0x00007ffb9ade0000 - 0x00007ffb9ae80000 	C:\Windows\System32\msvcp_win.dll
0x00007ffb9aac0000 - 0x00007ffb9ab3e000 	C:\Windows\System32\bcryptPrimitives.dll
0x00007ffb8f960000 - 0x00007ffb8f96a000 	C:\Windows\SYSTEM32\VERSION.dll
0x00007ffb9d4a0000 - 0x00007ffb9d4ce000 	C:\Windows\System32\IMM32.DLL
0x00007ffb97db0000 - 0x00007ffb97dbc000 	C:\Program Files\Java\jdk-16.0.1\bin\vcruntime140_1.dll
0x00007ffb777c0000 - 0x00007ffb77851000 	C:\Program Files\Java\jdk-16.0.1\bin\msvcp140.dll
0x00007ffb2a970000 - 0x00007ffb2b51b000 	C:\Program Files\Java\jdk-16.0.1\bin\server\jvm.dll
0x00007ffb9dc20000 - 0x00007ffb9dc28000 	C:\Windows\System32\PSAPI.DLL
0x00007ffb80ee0000 - 0x00007ffb80ee9000 	C:\Windows\SYSTEM32\WSOCK32.dll
0x00007ffb97d30000 - 0x00007ffb97d54000 	C:\Windows\SYSTEM32\WINMM.dll
0x00007ffb9daa0000 - 0x00007ffb9db0d000 	C:\Windows\System32\WS2_32.dll
0x00007ffb97d00000 - 0x00007ffb97d2d000 	C:\Windows\SYSTEM32\WINMMBASE.dll
0x00007ffb9aea0000 - 0x00007ffb9aeea000 	C:\Windows\System32\cfgmgr32.dll
0x00007ffb99f00000 - 0x00007ffb99f11000 	C:\Windows\System32\kernel.appcore.dll
0x00007ffb97e10000 - 0x00007ffb97e1a000 	C:\Program Files\Java\jdk-16.0.1\bin\jimage.dll
0x00007ffb98950000 - 0x00007ffb98b3d000 	C:\Windows\SYSTEM32\DBGHELP.DLL
0x00007ffb81280000 - 0x00007ffb812aa000 	C:\Windows\SYSTEM32\dbgcore.DLL
0x00007ffb90f20000 - 0x00007ffb90f5b000 	C:\Program Files\Java\jdk-16.0.1\bin\jdwp.dll
0x00007ffb964c0000 - 0x00007ffb964ce000 	C:\Program Files\Java\jdk-16.0.1\bin\instrument.dll
0x00007ffb90a50000 - 0x00007ffb90a75000 	C:\Program Files\Java\jdk-16.0.1\bin\java.dll
0x00007ffb9bb10000 - 0x00007ffb9d004000 	C:\Windows\System32\SHELL32.dll
0x00007ffb9b0f0000 - 0x00007ffb9b198000 	C:\Windows\System32\shcore.dll
0x00007ffb9a1c0000 - 0x00007ffb9a90d000 	C:\Windows\System32\windows.storage.dll
0x00007ffb99f20000 - 0x00007ffb99f44000 	C:\Windows\System32\profapi.dll
0x00007ffb99ea0000 - 0x00007ffb99efd000 	C:\Windows\System32\powrprof.dll
0x00007ffb9da10000 - 0x00007ffb9da62000 	C:\Windows\System32\shlwapi.dll
0x00007ffb9ae80000 - 0x00007ffb9ae97000 	C:\Windows\System32\cryptsp.dll
0x00007ffb94060000 - 0x00007ffb9406c000 	C:\Program Files\Java\jdk-16.0.1\bin\dt_socket.dll
0x00007ffb99430000 - 0x00007ffb9946d000 	C:\Windows\SYSTEM32\IPHLPAPI.DLL
0x00007ffb99710000 - 0x00007ffb99777000 	C:\Windows\system32\mswsock.dll
0x00007ffb99470000 - 0x00007ffb99536000 	C:\Windows\SYSTEM32\DNSAPI.dll
0x00007ffb9d720000 - 0x00007ffb9d728000 	C:\Windows\System32\NSI.dll
0x00007ffb8c7a0000 - 0x00007ffb8c7aa000 	C:\Windows\System32\rasadhlp.dll
0x00007ffb8cd50000 - 0x00007ffb8cdc9000 	C:\Windows\System32\fwpuclnt.dll
0x00007ffb9a130000 - 0x00007ffb9a156000 	C:\Windows\System32\bcrypt.dll
0x00007ffb90cc0000 - 0x00007ffb90cd8000 	C:\Program Files\Java\jdk-16.0.1\bin\zip.dll
0x00007ffb96480000 - 0x00007ffb96499000 	C:\Program Files\Java\jdk-16.0.1\bin\net.dll
0x00007ffb8cc10000 - 0x00007ffb8cd02000 	C:\Windows\SYSTEM32\WINHTTP.dll
0x00007ffb93810000 - 0x00007ffb93823000 	C:\Program Files\Java\jdk-16.0.1\bin\nio.dll
0x00007ffb96440000 - 0x00007ffb96450000 	C:\Program Files\Java\jdk-16.0.1\bin\verify.dll

dbghelp: loaded successfully - version: 4.0.5 - missing functions: none
symbol engine: initialized successfully - sym options: 0x614 - pdb path: .;C:\Program Files\Java\jdk-16.0.1\bin;C:\Windows\SYSTEM32;C:\Windows\WinSxS\amd64_microsoft.windows.common-controls_6595b64144ccf1df_6.0.17763.973_none_05b245900721eb81;C:\Program Files\Java\jdk-16.0.1\bin\server

VM Arguments:
jvm_args: -XX:+ShowCodeDetailsInExceptionMessages -agentlib:jdwp=transport=dt_socket,suspend=y,address=localhost:61982 -javaagent:C:\Users\KimJunHo\eclipse\java-2021-03\eclipse\configuration\org.eclipse.osgi\222\0\.cp\lib\javaagent-shaded.jar -Dfile.encoding=MS949 
java_command: yogiyo.t4
java_class_path (initial): C:\Users\KimJunHo\git\AlgorithmPractice\AlgorithmPractice\bin
Launcher Type: SUN_STANDARD

[Global flags]
     intx CICompilerCount                          = 3                                         {product} {ergonomic}
     uint ConcGCThreads                            = 1                                         {product} {ergonomic}
     uint G1ConcRefinementThreads                  = 4                                         {product} {ergonomic}
   size_t G1HeapRegionSize                         = 1048576                                   {product} {ergonomic}
    uintx GCDrainStackTargetSize                   = 64                                        {product} {ergonomic}
   size_t InitialHeapSize                          = 132120576                                 {product} {ergonomic}
   size_t MarkStackSize                            = 4194304                                   {product} {ergonomic}
   size_t MaxHeapSize                              = 2103443456                                {product} {ergonomic}
   size_t MaxNewSize                               = 1261436928                                {product} {ergonomic}
   size_t MinHeapDeltaBytes                        = 1048576                                   {product} {ergonomic}
   size_t MinHeapSize                              = 8388608                                   {product} {ergonomic}
    uintx NonNMethodCodeHeapSize                   = 5832780                                {pd product} {ergonomic}
    uintx NonProfiledCodeHeapSize                  = 122912730                              {pd product} {ergonomic}
    uintx ProfiledCodeHeapSize                     = 122912730                              {pd product} {ergonomic}
    uintx ReservedCodeCacheSize                    = 251658240                              {pd product} {ergonomic}
     bool SegmentedCodeCache                       = true                                      {product} {ergonomic}
     bool ShowCodeDetailsInExceptionMessages       = true                                   {manageable} {command line}
   size_t SoftMaxHeapSize                          = 2103443456                             {manageable} {ergonomic}
     bool UseCompressedClassPointers               = true                           {product lp64_product} {ergonomic}
     bool UseCompressedOops                        = true                           {product lp64_product} {ergonomic}
     bool UseG1GC                                  = true                                      {product} {ergonomic}
     bool UseLargePagesIndividualAllocation        = false                                  {pd product} {ergonomic}

Logging:
Log output configuration:
 #0: stdout all=warning uptime,level,tags
 #1: stderr all=off uptime,level,tags

Environment Variables:
JAVA_HOME=C:\Program Files\Java\jdk-16.0.1
PATH=C:/Program Files/Java/jdk-16.0.1/bin/server;C:/Program Files/Java/jdk-16.0.1/bin;C:\Program Files\Common Files\Oracle\Java\javapath;C:\Program Files (x86)\NetSarang\Xshell 6\;C:\Program Files (x86)\NetSarang\Xftp 6\;C:\Users\KimJunHo\product\11.2.0\dbhome_1\bin;C:\Program Files (x86)\Common Files\Oracle\Java\javapath;C:\Program Files (x86)\Intel\Intel(R) Management Engine Components\iCLS\;C:\Program Files\Intel\Intel(R) Management Engine Components\iCLS\;C:\Windows\system32;C:\Windows;C:\Windows\System32\Wbem;C:\Windows\System32\WindowsPowerShell\v1.0\;C:\Windows\System32\OpenSSH\;C:\Program Files (x86)\NVIDIA Corporation\PhysX\Common;C:\Program Files (x86)\Intel\Intel(R) Management Engine Components\DAL;C:\Program Files\Intel\Intel(R) Management Engine Components\DAL;C:\Program Files (x86)\Intel\Intel(R) Management Engine Components\IPT;C:\Program Files\Intel\Intel(R) Management Engine Components\IPT;C:\Program Files\Intel\WiFi\bin\;C:\Program Files\Common Files\Intel\WirelessCommon\;%JAVA_HOME%\bin;C:\Program Files\Git\cmd;C:\Program Files\nodejs\;C:\Program Files (x86)\Yarn\bin\;C:\Program Files (x86)\NetSarang\Xftp 7\;C:\Program Files (x86)\NetSarang\Xshell 7\;C:\Program Files\MySQL\MySQL Server 8.0\bin;C:\Users\KimJunHo\AppData\Local\Microsoft\WindowsApps;C:\Program Files\Intel\WiFi\bin\;C:\Program Files\Common Files\Intel\WirelessCommon\;C:\Users\KimJunHo\AppData\Local\Programs\Microsoft VS Code\bin;C:\Users\KimJunHo\AppData\Roaming\npm;C:\Users\KimJunHo\AppData\Local\Yarn\bin;C:\Program Files\JetBrains\IntelliJ IDEA Community Edition 2021.1.3\bin;;C:\Windows\system32;
USERNAME=KimJunHo
OS=Windows_NT
PROCESSOR_IDENTIFIER=Intel64 Family 6 Model 94 Stepping 3, GenuineIntel



---------------  S Y S T E M  ---------------

OS:
 Windows 10 , 64 bit Build 17763 (10.0.17763.475)
OS uptime: 7 days 18:05 hours

CPU: total 4 (initial active 4) (4 cores per cpu, 1 threads per core) family 6 model 94 stepping 3 microcode 0xc6, cx8, cmov, fxsr, mmx, 3dnowpref, sse, sse2, sse3, ssse3, sse4.1, sse4.2, popcnt, lzcnt, tsc, tscinvbit, avx, avx2, aes, erms, clmul, bmi1, bmi2, rtm, adx, fma, vzeroupper, clflush, clflushopt

Memory: 4k page, system-wide physical 8020M (3062M free)
TotalPageFile size 14932M (AvailPageFile size 5277M)
current process WorkingSet (physical memory assigned to process): 88M, peak: 88M
current process commit charge ("private bytes"): 249M, peak: 249M

vm_info: Java HotSpot(TM) 64-Bit Server VM (16.0.1+9-24) for windows-amd64 JRE (16.0.1+9-24), built on Mar 26 2021 19:31:42 by "mach5one" with MS VC++ 16.7 (VS2019)

END.
